[2023-07-04 05:42:16] local.INFO: {"type":"QueryLog","url":"http:\/\/localhost:8000\/v1\/oauth\/token","hostname":"rahul1140-tech","query":"select * from `oauth_clients` where `id` = 3 limit 1","executionTime":1.41,"timestamp":1688449336}  
[2023-07-04 05:42:16] local.INFO: {"type":"QueryLog","url":"http:\/\/localhost:8000\/v1\/oauth\/token","hostname":"rahul1140-tech","query":"select * from `oauth_clients` where `id` = 3 limit 1","executionTime":0.28,"timestamp":1688449336}  
[2023-07-04 05:42:16] local.INFO: {"type":"QueryLog","url":"http:\/\/localhost:8000\/v1\/oauth\/token","hostname":"rahul1140-tech","query":"select * from `users` where `email` = 'test2@gmail.com' limit 1","executionTime":0.19,"timestamp":1688449336}  
[2023-07-04 05:42:16] local.INFO: {"type":"QueryLog","url":"http:\/\/localhost:8000\/v1\/oauth\/token","hostname":"rahul1140-tech","query":"insert into `oauth_access_tokens` (`id`, `user_id`, `client_id`, `scopes`, `revoked`, `created_at`, `updated_at`, `expires_at`) values ('43370ed963a4e538b83a14039797181178ccd4ecf6737acf8e6fd7c9459b330b7b6a0c4278ac49df', 2, 3, '[\"*\"]', '', 2023-07-04 05:42:16, 2023-07-04 05:42:16, '2023-07-05 05:42:16')","executionTime":2.29,"timestamp":1688449336}  
[2023-07-04 05:42:16] local.INFO: {"type":"QueryLog","url":"http:\/\/localhost:8000\/v1\/oauth\/token","hostname":"rahul1140-tech","query":"insert into `oauth_refresh_tokens` (`id`, `access_token_id`, `revoked`, `expires_at`) values ('7e5bf2993a9d719e2cb38e32bec9594fa199dae729cce592069815d6adb96f0bc991a9cc6bff2cbf', '43370ed963a4e538b83a14039797181178ccd4ecf6737acf8e6fd7c9459b330b7b6a0c4278ac49df', '', '2023-07-06 05:42:16')","executionTime":1.49,"timestamp":1688449336}  
[2023-07-04 05:42:17] local.INFO: {"type":"QueryLog","url":"http:\/\/localhost:8000\/v1\/oauth\/token","hostname":"rahul1140-tech","query":"select * from `oauth_access_tokens` where `id` = '43370ed963a4e538b83a14039797181178ccd4ecf6737acf8e6fd7c9459b330b7b6a0c4278ac49df' limit 1","executionTime":0.77,"timestamp":1688449337}  
[2023-07-04 05:42:17] local.INFO: {"type":"QueryLog","url":"http:\/\/localhost:8000\/v1\/oauth\/token","hostname":"rahul1140-tech","query":"select * from `oauth_clients` where `oauth_clients`.`id` = 3 limit 1","executionTime":0.32,"timestamp":1688449337}  
[2023-07-04 05:45:07] local.INFO: {"type":"QueryLog","url":"http:\/\/localhost:8000\/clunker-price","hostname":"rahul1140-tech","query":"select * from `oauth_access_tokens` where `id` = 'ea7ffa71744177a915c52129bdd359169807e5780ab83e7e608ffaed0d8049fdd98077528cc0794d' limit 1","executionTime":0.81,"timestamp":1688449507}  
[2023-07-04 05:45:07] local.INFO: {"type":"QueryLog","url":"http:\/\/localhost:8000\/clunker-price","hostname":"rahul1140-tech","query":"select * from `oauth_access_tokens` where `id` = 'ea7ffa71744177a915c52129bdd359169807e5780ab83e7e608ffaed0d8049fdd98077528cc0794d' limit 1","executionTime":0.15,"timestamp":1688449507}  
[2023-07-04 05:45:07] local.INFO: {"type":"QueryLog","url":"http:\/\/localhost:8000\/clunker-price","hostname":"rahul1140-tech","query":"select * from `oauth_clients` where `id` = 3 limit 1","executionTime":0.13,"timestamp":1688449507}  
[2023-07-04 05:45:07] local.INFO: {"type":"QueryLog","url":"http:\/\/localhost:8000\/clunker-price","hostname":"rahul1140-tech","query":"select * from `users` where `id` = 2 limit 1","executionTime":0.14,"timestamp":1688449507}  
[2023-07-04 05:45:07] local.INFO: {"type":"QueryLog","url":"http:\/\/localhost:8000\/clunker-price","hostname":"rahul1140-tech","query":"select * from `oauth_access_tokens` where `id` = 'ea7ffa71744177a915c52129bdd359169807e5780ab83e7e608ffaed0d8049fdd98077528cc0794d' limit 1","executionTime":0.27,"timestamp":1688449507}  
[2023-07-04 05:45:07] local.INFO: {"type":"QueryLog","url":"http:\/\/localhost:8000\/clunker-price","hostname":"rahul1140-tech","query":"select * from `oauth_clients` where `id` = 3 limit 1","executionTime":0.22,"timestamp":1688449507}  
[2023-07-04 05:45:07] local.INFO: {"type":"QueryLog","url":"http:\/\/localhost:8000\/clunker-price","hostname":"rahul1140-tech","query":"insert into `loans` (`amount`, `term`, `pending_emi`, `user_id`, `updated_at`, `created_at`) values (30, 3, 3, 2, '2023-07-04 05:45:07', '2023-07-04 05:45:07')","executionTime":1.52,"timestamp":1688449507}  
[2023-07-04 05:48:05] local.INFO: {"type":"QueryLog","url":"http:\/\/localhost:8000\/register","hostname":"rahul1140-tech","query":"insert into `users` (`name`, `email`, `password`, `updated_at`, `created_at`) values ('customer2', 'customer2@gmail.com', 'y$xLxs\/o6Cm1yURsOOgtGP\/udeQ32LdgGZ8ZI363frlXmzAZT7Idc\/i', '2023-07-04 05:48:05', '2023-07-04 05:48:05')","executionTime":2.14,"timestamp":1688449685}  
[2023-07-04 06:19:22] local.INFO: {"type":"QueryLog","url":"http:\/\/localhost:8000\/v1\/oauth\/token","hostname":"rahul1140-tech","query":"select * from `oauth_clients` where `id` = 3 limit 1","executionTime":0.9,"timestamp":1688451562}  
[2023-07-04 06:19:22] local.INFO: {"type":"QueryLog","url":"http:\/\/localhost:8000\/v1\/oauth\/token","hostname":"rahul1140-tech","query":"select * from `oauth_clients` where `id` = 3 limit 1","executionTime":0.14,"timestamp":1688451562}  
[2023-07-04 06:19:22] local.INFO: {"type":"QueryLog","url":"http:\/\/localhost:8000\/v1\/oauth\/token","hostname":"rahul1140-tech","query":"select * from `users` where `email` = 'admin@gmail.com' limit 1","executionTime":0.44,"timestamp":1688451562}  
[2023-07-04 06:19:22] local.INFO: {"type":"QueryLog","url":"http:\/\/localhost:8000\/v1\/oauth\/token","hostname":"rahul1140-tech","query":"insert into `oauth_access_tokens` (`id`, `user_id`, `client_id`, `scopes`, `revoked`, `created_at`, `updated_at`, `expires_at`) values ('b5918c6479ec9ac75d7f9ac4cdaa75603d4b51e721c1cb078aa0157c83320d415c6e901d1333edd8', 2, 3, '[\"*\"]', '', 2023-07-04 06:19:22, 2023-07-04 06:19:22, '2023-07-05 06:19:22')","executionTime":1.31,"timestamp":1688451562}  
[2023-07-04 06:19:22] local.INFO: {"type":"QueryLog","url":"http:\/\/localhost:8000\/v1\/oauth\/token","hostname":"rahul1140-tech","query":"insert into `oauth_refresh_tokens` (`id`, `access_token_id`, `revoked`, `expires_at`) values ('fb7082633023ae0e362b024d8e81b1968bc2717b6e09b6d6f8ddb6a5d05e170bee513fd3b0d0a727', 'b5918c6479ec9ac75d7f9ac4cdaa75603d4b51e721c1cb078aa0157c83320d415c6e901d1333edd8', '', '2023-07-06 06:19:22')","executionTime":0.4,"timestamp":1688451562}  
[2023-07-04 06:19:23] local.INFO: {"type":"QueryLog","url":"http:\/\/localhost:8000\/v1\/oauth\/token","hostname":"rahul1140-tech","query":"select * from `oauth_access_tokens` where `id` = 'b5918c6479ec9ac75d7f9ac4cdaa75603d4b51e721c1cb078aa0157c83320d415c6e901d1333edd8' limit 1","executionTime":0.43,"timestamp":1688451563}  
[2023-07-04 06:19:23] local.INFO: {"type":"QueryLog","url":"http:\/\/localhost:8000\/v1\/oauth\/token","hostname":"rahul1140-tech","query":"select * from `oauth_clients` where `oauth_clients`.`id` = 3 limit 1","executionTime":0.25,"timestamp":1688451563}  
[2023-07-04 06:25:20] local.INFO: {"type":"QueryLog","url":"http:\/\/localhost:8000\/apply-loan","hostname":"rahul1140-tech","query":"select * from `oauth_access_tokens` where `id` = 'ea7ffa71744177a915c52129bdd359169807e5780ab83e7e608ffaed0d8049fdd98077528cc0794d' limit 1","executionTime":0.7,"timestamp":1688451920}  
[2023-07-04 06:25:20] local.INFO: {"type":"QueryLog","url":"http:\/\/localhost:8000\/apply-loan","hostname":"rahul1140-tech","query":"select * from `oauth_access_tokens` where `id` = 'ea7ffa71744177a915c52129bdd359169807e5780ab83e7e608ffaed0d8049fdd98077528cc0794d' limit 1","executionTime":0.78,"timestamp":1688451920}  
[2023-07-04 06:25:20] local.INFO: {"type":"QueryLog","url":"http:\/\/localhost:8000\/apply-loan","hostname":"rahul1140-tech","query":"select * from `oauth_clients` where `id` = 3 limit 1","executionTime":0.27,"timestamp":1688451920}  
[2023-07-04 06:25:20] local.INFO: {"type":"QueryLog","url":"http:\/\/localhost:8000\/apply-loan","hostname":"rahul1140-tech","query":"select * from `users` where `id` = 2 limit 1","executionTime":0.11,"timestamp":1688451920}  
[2023-07-04 06:25:20] local.INFO: {"type":"QueryLog","url":"http:\/\/localhost:8000\/apply-loan","hostname":"rahul1140-tech","query":"select * from `oauth_access_tokens` where `id` = 'ea7ffa71744177a915c52129bdd359169807e5780ab83e7e608ffaed0d8049fdd98077528cc0794d' limit 1","executionTime":0.08,"timestamp":1688451920}  
[2023-07-04 06:25:20] local.INFO: {"type":"QueryLog","url":"http:\/\/localhost:8000\/apply-loan","hostname":"rahul1140-tech","query":"select * from `oauth_clients` where `id` = 3 limit 1","executionTime":0.07,"timestamp":1688451920}  
[2023-07-04 06:25:55] local.INFO: {"type":"QueryLog","url":"http:\/\/localhost:8000\/apply-loan","hostname":"rahul1140-tech","query":"select * from `oauth_access_tokens` where `id` = 'ea7ffa71744177a915c52129bdd359169807e5780ab83e7e608ffaed0d8049fdd98077528cc0794d' limit 1","executionTime":0.87,"timestamp":1688451955}  
[2023-07-04 06:25:55] local.INFO: {"type":"QueryLog","url":"http:\/\/localhost:8000\/apply-loan","hostname":"rahul1140-tech","query":"select * from `oauth_access_tokens` where `id` = 'ea7ffa71744177a915c52129bdd359169807e5780ab83e7e608ffaed0d8049fdd98077528cc0794d' limit 1","executionTime":0.11,"timestamp":1688451955}  
[2023-07-04 06:25:55] local.INFO: {"type":"QueryLog","url":"http:\/\/localhost:8000\/apply-loan","hostname":"rahul1140-tech","query":"select * from `oauth_clients` where `id` = 3 limit 1","executionTime":0.07,"timestamp":1688451955}  
[2023-07-04 06:25:55] local.INFO: {"type":"QueryLog","url":"http:\/\/localhost:8000\/apply-loan","hostname":"rahul1140-tech","query":"select * from `users` where `id` = 2 limit 1","executionTime":0.09,"timestamp":1688451955}  
[2023-07-04 06:25:55] local.INFO: {"type":"QueryLog","url":"http:\/\/localhost:8000\/apply-loan","hostname":"rahul1140-tech","query":"select * from `oauth_access_tokens` where `id` = 'ea7ffa71744177a915c52129bdd359169807e5780ab83e7e608ffaed0d8049fdd98077528cc0794d' limit 1","executionTime":0.06,"timestamp":1688451955}  
[2023-07-04 06:25:55] local.INFO: {"type":"QueryLog","url":"http:\/\/localhost:8000\/apply-loan","hostname":"rahul1140-tech","query":"select * from `oauth_clients` where `id` = 3 limit 1","executionTime":0.06,"timestamp":1688451955}  
[2023-07-04 06:25:55] local.INFO: {"type":"QueryLog","url":"http:\/\/localhost:8000\/apply-loan","hostname":"rahul1140-tech","query":"insert into `loans` (`amount`, `term`, `pending_emi`, `user_id`, `updated_at`, `created_at`) values (90, 3, 3, 2, '2023-07-04 06:25:55', '2023-07-04 06:25:55')","executionTime":5.74,"timestamp":1688451955}  
[2023-07-04 06:27:25] local.INFO: {"type":"QueryLog","url":"http:\/\/localhost:8000\/get-pending-loan","hostname":"rahul1140-tech","query":"select * from `oauth_access_tokens` where `id` = 'ea7ffa71744177a915c52129bdd359169807e5780ab83e7e608ffaed0d8049fdd98077528cc0794d' limit 1","executionTime":0.46,"timestamp":1688452045}  
[2023-07-04 06:27:25] local.INFO: {"type":"QueryLog","url":"http:\/\/localhost:8000\/get-pending-loan","hostname":"rahul1140-tech","query":"select * from `oauth_access_tokens` where `id` = 'ea7ffa71744177a915c52129bdd359169807e5780ab83e7e608ffaed0d8049fdd98077528cc0794d' limit 1","executionTime":0.17,"timestamp":1688452045}  
[2023-07-04 06:27:25] local.INFO: {"type":"QueryLog","url":"http:\/\/localhost:8000\/get-pending-loan","hostname":"rahul1140-tech","query":"select * from `oauth_clients` where `id` = 3 limit 1","executionTime":0.14,"timestamp":1688452045}  
[2023-07-04 06:27:25] local.INFO: {"type":"QueryLog","url":"http:\/\/localhost:8000\/get-pending-loan","hostname":"rahul1140-tech","query":"select * from `users` where `id` = 2 limit 1","executionTime":0.11,"timestamp":1688452045}  
[2023-07-04 06:27:25] local.INFO: {"type":"QueryLog","url":"http:\/\/localhost:8000\/get-pending-loan","hostname":"rahul1140-tech","query":"select * from `oauth_access_tokens` where `id` = 'ea7ffa71744177a915c52129bdd359169807e5780ab83e7e608ffaed0d8049fdd98077528cc0794d' limit 1","executionTime":0.12,"timestamp":1688452045}  
[2023-07-04 06:27:25] local.INFO: {"type":"QueryLog","url":"http:\/\/localhost:8000\/get-pending-loan","hostname":"rahul1140-tech","query":"select * from `oauth_clients` where `id` = 3 limit 1","executionTime":0.11,"timestamp":1688452045}  
[2023-07-04 06:27:25] local.INFO: {"type":"QueryLog","url":"http:\/\/localhost:8000\/get-pending-loan","hostname":"rahul1140-tech","query":"select * from `loans` where `status` = 'pending'","executionTime":0.12,"timestamp":1688452045}  
[2023-07-04 06:27:27] local.INFO: {"type":"QueryLog","url":"http:\/\/localhost:8000\/get-pending-loan","hostname":"rahul1140-tech","query":"select * from `oauth_access_tokens` where `id` = 'ea7ffa71744177a915c52129bdd359169807e5780ab83e7e608ffaed0d8049fdd98077528cc0794d' limit 1","executionTime":0.45,"timestamp":1688452047}  
[2023-07-04 06:27:27] local.INFO: {"type":"QueryLog","url":"http:\/\/localhost:8000\/get-pending-loan","hostname":"rahul1140-tech","query":"select * from `oauth_access_tokens` where `id` = 'ea7ffa71744177a915c52129bdd359169807e5780ab83e7e608ffaed0d8049fdd98077528cc0794d' limit 1","executionTime":0.09,"timestamp":1688452047}  
[2023-07-04 06:27:27] local.INFO: {"type":"QueryLog","url":"http:\/\/localhost:8000\/get-pending-loan","hostname":"rahul1140-tech","query":"select * from `oauth_clients` where `id` = 3 limit 1","executionTime":0.11,"timestamp":1688452047}  
[2023-07-04 06:27:27] local.INFO: {"type":"QueryLog","url":"http:\/\/localhost:8000\/get-pending-loan","hostname":"rahul1140-tech","query":"select * from `users` where `id` = 2 limit 1","executionTime":0.26,"timestamp":1688452047}  
[2023-07-04 06:27:27] local.INFO: {"type":"QueryLog","url":"http:\/\/localhost:8000\/get-pending-loan","hostname":"rahul1140-tech","query":"select * from `oauth_access_tokens` where `id` = 'ea7ffa71744177a915c52129bdd359169807e5780ab83e7e608ffaed0d8049fdd98077528cc0794d' limit 1","executionTime":6.77,"timestamp":1688452047}  
[2023-07-04 06:27:27] local.INFO: {"type":"QueryLog","url":"http:\/\/localhost:8000\/get-pending-loan","hostname":"rahul1140-tech","query":"select * from `oauth_clients` where `id` = 3 limit 1","executionTime":0.17,"timestamp":1688452047}  
[2023-07-04 06:27:27] local.INFO: {"type":"QueryLog","url":"http:\/\/localhost:8000\/get-pending-loan","hostname":"rahul1140-tech","query":"select * from `loans` where `status` = 'pending'","executionTime":0.13,"timestamp":1688452047}  
[2023-07-04 06:30:25] local.INFO: {"type":"QueryLog","url":"http:\/\/localhost:8000\/register","hostname":"rahul1140-tech","query":"insert into `users` (`name`, `email`, `password`, `updated_at`, `created_at`) values ('customer3', 'customer3@gmail.com', 'y$VUcD\/7Sa10Rf4RAKyXzYku63Bw6tgilB0h5LaohbQhGkEiITBvBCq', '2023-07-04 06:30:25', '2023-07-04 06:30:25')","executionTime":1.6,"timestamp":1688452225}  
[2023-07-04 06:30:58] local.INFO: {"type":"QueryLog","url":"http:\/\/localhost:8000\/v1\/oauth\/token","hostname":"rahul1140-tech","query":"select * from `oauth_clients` where `id` = 3 limit 1","executionTime":1.18,"timestamp":1688452258}  
[2023-07-04 06:30:58] local.INFO: {"type":"QueryLog","url":"http:\/\/localhost:8000\/v1\/oauth\/token","hostname":"rahul1140-tech","query":"select * from `oauth_clients` where `id` = 3 limit 1","executionTime":0.39,"timestamp":1688452258}  
[2023-07-04 06:30:58] local.INFO: {"type":"QueryLog","url":"http:\/\/localhost:8000\/v1\/oauth\/token","hostname":"rahul1140-tech","query":"select * from `users` where `email` = 'customer2@gmail.com' limit 1","executionTime":0.11,"timestamp":1688452258}  
[2023-07-04 06:30:58] local.INFO: {"type":"QueryLog","url":"http:\/\/localhost:8000\/v1\/oauth\/token","hostname":"rahul1140-tech","query":"insert into `oauth_access_tokens` (`id`, `user_id`, `client_id`, `scopes`, `revoked`, `created_at`, `updated_at`, `expires_at`) values ('f588acc951524c4147bba5df87de4905fe00ef0ede917fddbd6c50470c1140588ddae58b65f0f173', 4, 3, '[\"*\"]', '', 2023-07-04 06:30:58, 2023-07-04 06:30:58, '2023-07-05 06:30:58')","executionTime":1.01,"timestamp":1688452258}  
[2023-07-04 06:30:58] local.INFO: {"type":"QueryLog","url":"http:\/\/localhost:8000\/v1\/oauth\/token","hostname":"rahul1140-tech","query":"insert into `oauth_refresh_tokens` (`id`, `access_token_id`, `revoked`, `expires_at`) values ('adb417f8410a43464c9216b11bc04c678f0e0e198d9d4d8f704351f0f367010a2249ad129ee0417a', 'f588acc951524c4147bba5df87de4905fe00ef0ede917fddbd6c50470c1140588ddae58b65f0f173', '', '2023-07-06 06:30:58')","executionTime":0.5,"timestamp":1688452258}  
[2023-07-04 06:30:58] local.INFO: {"type":"QueryLog","url":"http:\/\/localhost:8000\/v1\/oauth\/token","hostname":"rahul1140-tech","query":"select * from `oauth_access_tokens` where `id` = 'f588acc951524c4147bba5df87de4905fe00ef0ede917fddbd6c50470c1140588ddae58b65f0f173' limit 1","executionTime":0.51,"timestamp":1688452258}  
[2023-07-04 06:30:58] local.INFO: {"type":"QueryLog","url":"http:\/\/localhost:8000\/v1\/oauth\/token","hostname":"rahul1140-tech","query":"select * from `oauth_clients` where `oauth_clients`.`id` = 3 limit 1","executionTime":0.3,"timestamp":1688452258}  
[2023-07-04 06:31:47] local.INFO: {"type":"QueryLog","url":"http:\/\/localhost:8000\/apply-loan","hostname":"rahul1140-tech","query":"select * from `oauth_access_tokens` where `id` = 'f588acc951524c4147bba5df87de4905fe00ef0ede917fddbd6c50470c1140588ddae58b65f0f173' limit 1","executionTime":7.76,"timestamp":1688452307}  
[2023-07-04 06:31:47] local.INFO: {"type":"QueryLog","url":"http:\/\/localhost:8000\/apply-loan","hostname":"rahul1140-tech","query":"select * from `oauth_access_tokens` where `id` = 'f588acc951524c4147bba5df87de4905fe00ef0ede917fddbd6c50470c1140588ddae58b65f0f173' limit 1","executionTime":0.26,"timestamp":1688452307}  
[2023-07-04 06:31:47] local.INFO: {"type":"QueryLog","url":"http:\/\/localhost:8000\/apply-loan","hostname":"rahul1140-tech","query":"select * from `oauth_clients` where `id` = 3 limit 1","executionTime":0.11,"timestamp":1688452307}  
[2023-07-04 06:31:47] local.INFO: {"type":"QueryLog","url":"http:\/\/localhost:8000\/apply-loan","hostname":"rahul1140-tech","query":"select * from `users` where `id` = 4 limit 1","executionTime":0.09,"timestamp":1688452307}  
[2023-07-04 06:31:47] local.INFO: {"type":"QueryLog","url":"http:\/\/localhost:8000\/apply-loan","hostname":"rahul1140-tech","query":"select * from `oauth_access_tokens` where `id` = 'f588acc951524c4147bba5df87de4905fe00ef0ede917fddbd6c50470c1140588ddae58b65f0f173' limit 1","executionTime":0.12,"timestamp":1688452307}  
[2023-07-04 06:31:47] local.INFO: {"type":"QueryLog","url":"http:\/\/localhost:8000\/apply-loan","hostname":"rahul1140-tech","query":"select * from `oauth_clients` where `id` = 3 limit 1","executionTime":0.07,"timestamp":1688452307}  
[2023-07-04 06:31:47] local.INFO: {"type":"QueryLog","url":"http:\/\/localhost:8000\/apply-loan","hostname":"rahul1140-tech","query":"insert into `loans` (`amount`, `term`, `pending_emi`, `user_id`, `updated_at`, `created_at`) values (120, 4, 4, 4, '2023-07-04 06:31:47', '2023-07-04 06:31:47')","executionTime":0.79,"timestamp":1688452307}  
[2023-07-04 06:34:21] local.INFO: {"type":"QueryLog","url":"http:\/\/localhost:8000\/get-pending-loan","hostname":"rahul1140-tech","query":"select * from `oauth_access_tokens` where `id` = 'ea7ffa71744177a915c52129bdd359169807e5780ab83e7e608ffaed0d8049fdd98077528cc0794d' limit 1","executionTime":2.46,"timestamp":1688452461}  
[2023-07-04 06:34:21] local.INFO: {"type":"QueryLog","url":"http:\/\/localhost:8000\/get-pending-loan","hostname":"rahul1140-tech","query":"select * from `oauth_access_tokens` where `id` = 'ea7ffa71744177a915c52129bdd359169807e5780ab83e7e608ffaed0d8049fdd98077528cc0794d' limit 1","executionTime":0.27,"timestamp":1688452461}  
[2023-07-04 06:34:21] local.INFO: {"type":"QueryLog","url":"http:\/\/localhost:8000\/get-pending-loan","hostname":"rahul1140-tech","query":"select * from `oauth_clients` where `id` = 3 limit 1","executionTime":0.22,"timestamp":1688452461}  
[2023-07-04 06:34:21] local.INFO: {"type":"QueryLog","url":"http:\/\/localhost:8000\/get-pending-loan","hostname":"rahul1140-tech","query":"select * from `users` where `id` = 2 limit 1","executionTime":0.17,"timestamp":1688452461}  
[2023-07-04 06:34:21] local.INFO: {"type":"QueryLog","url":"http:\/\/localhost:8000\/get-pending-loan","hostname":"rahul1140-tech","query":"select * from `oauth_access_tokens` where `id` = 'ea7ffa71744177a915c52129bdd359169807e5780ab83e7e608ffaed0d8049fdd98077528cc0794d' limit 1","executionTime":0.13,"timestamp":1688452461}  
[2023-07-04 06:34:21] local.INFO: {"type":"QueryLog","url":"http:\/\/localhost:8000\/get-pending-loan","hostname":"rahul1140-tech","query":"select * from `oauth_clients` where `id` = 3 limit 1","executionTime":0.43,"timestamp":1688452461}  
[2023-07-04 06:34:21] local.INFO: {"type":"QueryLog","url":"http:\/\/localhost:8000\/get-pending-loan","hostname":"rahul1140-tech","query":"select * from `loans` where `status` = 'pending'","executionTime":0.13,"timestamp":1688452461}  
[2023-07-04 06:34:49] local.INFO: {"type":"QueryLog","url":"http:\/\/localhost:8000\/get-pending-loan","hostname":"rahul1140-tech","query":"select * from `oauth_access_tokens` where `id` = 'ea7ffa71744177a915c52129bdd359169807e5780ab83e7e608ffaed0d8049fdd98077528cc0794d' limit 1","executionTime":0.5,"timestamp":1688452489}  
[2023-07-04 06:34:49] local.INFO: {"type":"QueryLog","url":"http:\/\/localhost:8000\/get-pending-loan","hostname":"rahul1140-tech","query":"select * from `oauth_access_tokens` where `id` = 'ea7ffa71744177a915c52129bdd359169807e5780ab83e7e608ffaed0d8049fdd98077528cc0794d' limit 1","executionTime":0.11,"timestamp":1688452489}  
[2023-07-04 06:34:49] local.INFO: {"type":"QueryLog","url":"http:\/\/localhost:8000\/get-pending-loan","hostname":"rahul1140-tech","query":"select * from `oauth_clients` where `id` = 3 limit 1","executionTime":0.07,"timestamp":1688452489}  
[2023-07-04 06:34:49] local.INFO: {"type":"QueryLog","url":"http:\/\/localhost:8000\/get-pending-loan","hostname":"rahul1140-tech","query":"select * from `users` where `id` = 2 limit 1","executionTime":0.09,"timestamp":1688452489}  
[2023-07-04 06:34:49] local.INFO: {"type":"QueryLog","url":"http:\/\/localhost:8000\/get-pending-loan","hostname":"rahul1140-tech","query":"select * from `oauth_access_tokens` where `id` = 'ea7ffa71744177a915c52129bdd359169807e5780ab83e7e608ffaed0d8049fdd98077528cc0794d' limit 1","executionTime":0.06,"timestamp":1688452489}  
[2023-07-04 06:34:49] local.INFO: {"type":"QueryLog","url":"http:\/\/localhost:8000\/get-pending-loan","hostname":"rahul1140-tech","query":"select * from `oauth_clients` where `id` = 3 limit 1","executionTime":0.07,"timestamp":1688452489}  
[2023-07-04 06:48:33] local.INFO: {"type":"QueryLog","url":"http:\/\/localhost:8000\/v1\/oauth\/token","hostname":"rahul1140-tech","query":"select * from `oauth_clients` where `id` = 3 limit 1","executionTime":9.76,"timestamp":1688453313}  
[2023-07-04 06:48:33] local.INFO: {"type":"QueryLog","url":"http:\/\/localhost:8000\/v1\/oauth\/token","hostname":"rahul1140-tech","query":"select * from `oauth_clients` where `id` = 3 limit 1","executionTime":0.12,"timestamp":1688453313}  
[2023-07-04 06:48:33] local.INFO: {"type":"QueryLog","url":"http:\/\/localhost:8000\/v1\/oauth\/token","hostname":"rahul1140-tech","query":"select * from `users` where `email` = 'admin@gmail.com' limit 1","executionTime":0.12,"timestamp":1688453313}  
[2023-07-04 06:48:34] local.INFO: {"type":"QueryLog","url":"http:\/\/localhost:8000\/v1\/oauth\/token","hostname":"rahul1140-tech","query":"insert into `oauth_access_tokens` (`id`, `user_id`, `client_id`, `scopes`, `revoked`, `created_at`, `updated_at`, `expires_at`) values ('01f2bb89fee9a6b43d2820f37a6d026c843119d4773c1a602024d190004d8413e9c573d9d76a68c9', 2, 3, '[\"*\"]', '', 2023-07-04 06:48:34, 2023-07-04 06:48:34, '2023-07-05 06:48:34')","executionTime":2.27,"timestamp":1688453314}  
[2023-07-04 06:48:34] local.INFO: {"type":"QueryLog","url":"http:\/\/localhost:8000\/v1\/oauth\/token","hostname":"rahul1140-tech","query":"insert into `oauth_refresh_tokens` (`id`, `access_token_id`, `revoked`, `expires_at`) values ('523e0fc98e15aad57a1e1f13e843d149b2412865c7f7e6baebb3b1d7560b73b43de1e5d36355b326', '01f2bb89fee9a6b43d2820f37a6d026c843119d4773c1a602024d190004d8413e9c573d9d76a68c9', '', '2023-07-06 06:48:34')","executionTime":1,"timestamp":1688453314}  
[2023-07-04 06:48:34] local.INFO: {"type":"QueryLog","url":"http:\/\/localhost:8000\/v1\/oauth\/token","hostname":"rahul1140-tech","query":"select * from `oauth_access_tokens` where `id` = '01f2bb89fee9a6b43d2820f37a6d026c843119d4773c1a602024d190004d8413e9c573d9d76a68c9' limit 1","executionTime":0.42,"timestamp":1688453314}  
[2023-07-04 06:48:34] local.INFO: {"type":"QueryLog","url":"http:\/\/localhost:8000\/v1\/oauth\/token","hostname":"rahul1140-tech","query":"select * from `oauth_clients` where `oauth_clients`.`id` = 3 limit 1","executionTime":0.43,"timestamp":1688453314}  
[2023-07-04 06:48:52] local.INFO: {"type":"QueryLog","url":"http:\/\/localhost:8000\/get-pending-loan","hostname":"rahul1140-tech","query":"select * from `oauth_access_tokens` where `id` = '01f2bb89fee9a6b43d2820f37a6d026c843119d4773c1a602024d190004d8413e9c573d9d76a68c9' limit 1","executionTime":1.12,"timestamp":1688453332}  
[2023-07-04 06:48:52] local.INFO: {"type":"QueryLog","url":"http:\/\/localhost:8000\/get-pending-loan","hostname":"rahul1140-tech","query":"select * from `oauth_access_tokens` where `id` = '01f2bb89fee9a6b43d2820f37a6d026c843119d4773c1a602024d190004d8413e9c573d9d76a68c9' limit 1","executionTime":0.13,"timestamp":1688453332}  
[2023-07-04 06:48:52] local.INFO: {"type":"QueryLog","url":"http:\/\/localhost:8000\/get-pending-loan","hostname":"rahul1140-tech","query":"select * from `oauth_clients` where `id` = 3 limit 1","executionTime":0.09,"timestamp":1688453332}  
[2023-07-04 06:48:52] local.INFO: {"type":"QueryLog","url":"http:\/\/localhost:8000\/get-pending-loan","hostname":"rahul1140-tech","query":"select * from `users` where `id` = 2 limit 1","executionTime":0.24,"timestamp":1688453332}  
[2023-07-04 06:48:52] local.INFO: {"type":"QueryLog","url":"http:\/\/localhost:8000\/get-pending-loan","hostname":"rahul1140-tech","query":"select * from `oauth_access_tokens` where `id` = '01f2bb89fee9a6b43d2820f37a6d026c843119d4773c1a602024d190004d8413e9c573d9d76a68c9' limit 1","executionTime":0.11,"timestamp":1688453332}  
[2023-07-04 06:48:52] local.INFO: {"type":"QueryLog","url":"http:\/\/localhost:8000\/get-pending-loan","hostname":"rahul1140-tech","query":"select * from `oauth_clients` where `id` = 3 limit 1","executionTime":0.1,"timestamp":1688453332}  
[2023-07-04 06:48:52] local.INFO: {"type":"QueryLog","url":"http:\/\/localhost:8000\/get-pending-loan","hostname":"rahul1140-tech","query":"select * from `loans` where `status` = 'pending'","executionTime":0.11,"timestamp":1688453332}  
[2023-07-04 06:50:00] local.INFO: {"type":"QueryLog","url":"http:\/\/localhost:8000\/get-pending-loan","hostname":"rahul1140-tech","query":"select * from `oauth_access_tokens` where `id` = '01f2bb89fee9a6b43d2820f37a6d026c843119d4773c1a602024d190004d8413e9c573d9d76a68c9' limit 1","executionTime":0.7,"timestamp":1688453400}  
[2023-07-04 06:50:00] local.INFO: {"type":"QueryLog","url":"http:\/\/localhost:8000\/get-pending-loan","hostname":"rahul1140-tech","query":"select * from `oauth_access_tokens` where `id` = '01f2bb89fee9a6b43d2820f37a6d026c843119d4773c1a602024d190004d8413e9c573d9d76a68c9' limit 1","executionTime":0.14,"timestamp":1688453400}  
[2023-07-04 06:50:00] local.INFO: {"type":"QueryLog","url":"http:\/\/localhost:8000\/get-pending-loan","hostname":"rahul1140-tech","query":"select * from `oauth_clients` where `id` = 3 limit 1","executionTime":0.12,"timestamp":1688453400}  
[2023-07-04 06:50:00] local.INFO: {"type":"QueryLog","url":"http:\/\/localhost:8000\/get-pending-loan","hostname":"rahul1140-tech","query":"select * from `users` where `id` = 2 limit 1","executionTime":0.1,"timestamp":1688453400}  
[2023-07-04 06:50:00] local.INFO: {"type":"QueryLog","url":"http:\/\/localhost:8000\/get-pending-loan","hostname":"rahul1140-tech","query":"select * from `oauth_access_tokens` where `id` = '01f2bb89fee9a6b43d2820f37a6d026c843119d4773c1a602024d190004d8413e9c573d9d76a68c9' limit 1","executionTime":0.1,"timestamp":1688453400}  
[2023-07-04 06:50:00] local.INFO: {"type":"QueryLog","url":"http:\/\/localhost:8000\/get-pending-loan","hostname":"rahul1140-tech","query":"select * from `oauth_clients` where `id` = 3 limit 1","executionTime":0.09,"timestamp":1688453400}  
[2023-07-04 06:50:00] local.INFO: {"type":"QueryLog","url":"http:\/\/localhost:8000\/get-pending-loan","hostname":"rahul1140-tech","query":"select * from `loans` where `status` = 'pending'","executionTime":0.11,"timestamp":1688453400}  
[2023-07-04 06:50:20] local.INFO: {"type":"QueryLog","url":"http:\/\/localhost:8000\/apply-loan","hostname":"rahul1140-tech","query":"select * from `oauth_access_tokens` where `id` = 'f588acc951524c4147bba5df87de4905fe00ef0ede917fddbd6c50470c1140588ddae58b65f0f173' limit 1","executionTime":0.49,"timestamp":1688453420}  
[2023-07-04 06:50:20] local.INFO: {"type":"QueryLog","url":"http:\/\/localhost:8000\/apply-loan","hostname":"rahul1140-tech","query":"select * from `oauth_access_tokens` where `id` = 'f588acc951524c4147bba5df87de4905fe00ef0ede917fddbd6c50470c1140588ddae58b65f0f173' limit 1","executionTime":0.14,"timestamp":1688453420}  
[2023-07-04 06:50:20] local.INFO: {"type":"QueryLog","url":"http:\/\/localhost:8000\/apply-loan","hostname":"rahul1140-tech","query":"select * from `oauth_clients` where `id` = 3 limit 1","executionTime":0.11,"timestamp":1688453420}  
[2023-07-04 06:50:20] local.INFO: {"type":"QueryLog","url":"http:\/\/localhost:8000\/apply-loan","hostname":"rahul1140-tech","query":"select * from `users` where `id` = 4 limit 1","executionTime":0.11,"timestamp":1688453420}  
[2023-07-04 06:50:20] local.INFO: {"type":"QueryLog","url":"http:\/\/localhost:8000\/apply-loan","hostname":"rahul1140-tech","query":"select * from `oauth_access_tokens` where `id` = 'f588acc951524c4147bba5df87de4905fe00ef0ede917fddbd6c50470c1140588ddae58b65f0f173' limit 1","executionTime":0.1,"timestamp":1688453420}  
[2023-07-04 06:50:20] local.INFO: {"type":"QueryLog","url":"http:\/\/localhost:8000\/apply-loan","hostname":"rahul1140-tech","query":"select * from `oauth_clients` where `id` = 3 limit 1","executionTime":0.1,"timestamp":1688453420}  
[2023-07-04 06:50:20] local.INFO: {"type":"QueryLog","url":"http:\/\/localhost:8000\/apply-loan","hostname":"rahul1140-tech","query":"insert into `loans` (`amount`, `term`, `pending_emi`, `user_id`, `updated_at`, `created_at`) values (120, 4, 4, 4, '2023-07-04 06:50:20', '2023-07-04 06:50:20')","executionTime":1.27,"timestamp":1688453420}  
[2023-07-04 06:51:50] local.INFO: {"type":"QueryLog","url":"http:\/\/localhost:8000\/approved-loan","hostname":"rahul1140-tech","query":"select * from `oauth_access_tokens` where `id` = '01f2bb89fee9a6b43d2820f37a6d026c843119d4773c1a602024d190004d8413e9c573d9d76a68c9' limit 1","executionTime":7.15,"timestamp":1688453510}  
[2023-07-04 06:51:50] local.INFO: {"type":"QueryLog","url":"http:\/\/localhost:8000\/approved-loan","hostname":"rahul1140-tech","query":"select * from `oauth_access_tokens` where `id` = '01f2bb89fee9a6b43d2820f37a6d026c843119d4773c1a602024d190004d8413e9c573d9d76a68c9' limit 1","executionTime":0.13,"timestamp":1688453510}  
[2023-07-04 06:51:50] local.INFO: {"type":"QueryLog","url":"http:\/\/localhost:8000\/approved-loan","hostname":"rahul1140-tech","query":"select * from `oauth_clients` where `id` = 3 limit 1","executionTime":0.1,"timestamp":1688453510}  
[2023-07-04 06:51:50] local.INFO: {"type":"QueryLog","url":"http:\/\/localhost:8000\/approved-loan","hostname":"rahul1140-tech","query":"select * from `users` where `id` = 2 limit 1","executionTime":0.11,"timestamp":1688453510}  
[2023-07-04 06:51:50] local.INFO: {"type":"QueryLog","url":"http:\/\/localhost:8000\/approved-loan","hostname":"rahul1140-tech","query":"select * from `oauth_access_tokens` where `id` = '01f2bb89fee9a6b43d2820f37a6d026c843119d4773c1a602024d190004d8413e9c573d9d76a68c9' limit 1","executionTime":0.08,"timestamp":1688453510}  
[2023-07-04 06:51:50] local.INFO: {"type":"QueryLog","url":"http:\/\/localhost:8000\/approved-loan","hostname":"rahul1140-tech","query":"select * from `oauth_clients` where `id` = 3 limit 1","executionTime":0.06,"timestamp":1688453510}  
[2023-07-04 06:51:50] local.INFO: {"type":"QueryLog","url":"http:\/\/localhost:8000\/approved-loan","hostname":"rahul1140-tech","query":"select * from `loans` where `status` = 'pending' and `id` = 2 limit 1","executionTime":0.13,"timestamp":1688453510}  
[2023-07-04 06:51:50] local.INFO: {"type":"QueryLog","url":"http:\/\/localhost:8000\/approved-loan","hostname":"rahul1140-tech","query":"insert into `emis` (`amount`, `loan_id`, `repayments`, `status`, `term_id`, `user_id`) values (30, 2, '2023-07-04', 'pending', 1, 2), (30, 2, '2023-07-11', 'pending', 2, 2), (30, 2, '2023-07-18', 'pending', 3, 2), (30, 2, '2023-07-25', 'pending', 4, 2)","executionTime":0.93,"timestamp":1688453510}  
[2023-07-04 06:51:50] local.INFO: {"type":"QueryLog","url":"http:\/\/localhost:8000\/approved-loan","hostname":"rahul1140-tech","query":"update `loans` set `approved_by` = 2, `status` = 'approved', `loans`.`updated_at` = '2023-07-04 06:51:50' where `id` = 2","executionTime":1.72,"timestamp":1688453510}  
[2023-07-04 06:53:59] local.INFO: {"type":"QueryLog","url":"http:\/\/localhost:8000\/pay-emi","hostname":"rahul1140-tech","query":"select * from `oauth_access_tokens` where `id` = 'f588acc951524c4147bba5df87de4905fe00ef0ede917fddbd6c50470c1140588ddae58b65f0f173' limit 1","executionTime":0.79,"timestamp":1688453639}  
[2023-07-04 06:53:59] local.INFO: {"type":"QueryLog","url":"http:\/\/localhost:8000\/pay-emi","hostname":"rahul1140-tech","query":"select * from `oauth_access_tokens` where `id` = 'f588acc951524c4147bba5df87de4905fe00ef0ede917fddbd6c50470c1140588ddae58b65f0f173' limit 1","executionTime":0.14,"timestamp":1688453639}  
[2023-07-04 06:53:59] local.INFO: {"type":"QueryLog","url":"http:\/\/localhost:8000\/pay-emi","hostname":"rahul1140-tech","query":"select * from `oauth_clients` where `id` = 3 limit 1","executionTime":0.1,"timestamp":1688453639}  
[2023-07-04 06:53:59] local.INFO: {"type":"QueryLog","url":"http:\/\/localhost:8000\/pay-emi","hostname":"rahul1140-tech","query":"select * from `users` where `id` = 4 limit 1","executionTime":0.11,"timestamp":1688453639}  
[2023-07-04 06:53:59] local.INFO: {"type":"QueryLog","url":"http:\/\/localhost:8000\/pay-emi","hostname":"rahul1140-tech","query":"select * from `oauth_access_tokens` where `id` = 'f588acc951524c4147bba5df87de4905fe00ef0ede917fddbd6c50470c1140588ddae58b65f0f173' limit 1","executionTime":0.1,"timestamp":1688453639}  
[2023-07-04 06:53:59] local.INFO: {"type":"QueryLog","url":"http:\/\/localhost:8000\/pay-emi","hostname":"rahul1140-tech","query":"select * from `oauth_clients` where `id` = 3 limit 1","executionTime":0.09,"timestamp":1688453639}  
[2023-07-04 06:53:59] local.INFO: {"type":"QueryLog","url":"http:\/\/localhost:8000\/pay-emi","hostname":"rahul1140-tech","query":"select * from `emis` where `status` = 'pending' and `loan_id` = 2 and `term_id` = 1 limit 1","executionTime":0.14,"timestamp":1688453639}  
[2023-07-04 06:53:59] local.INFO: {"type":"QueryLog","url":"http:\/\/localhost:8000\/pay-emi","hostname":"rahul1140-tech","query":"update `emis` set `status` = 'completed', `emis`.`updated_at` = '2023-07-04 06:53:59' where `id` = 1","executionTime":7.27,"timestamp":1688453639}  
[2023-07-04 06:53:59] local.INFO: {"type":"QueryLog","url":"http:\/\/localhost:8000\/pay-emi","hostname":"rahul1140-tech","query":"select * from `loans` where `id` = 2 limit 1","executionTime":0.49,"timestamp":1688453639}  
[2023-07-04 06:53:59] local.INFO: {"type":"QueryLog","url":"http:\/\/localhost:8000\/pay-emi","hostname":"rahul1140-tech","query":"update `loans` set `pending_emi` = 3, `loans`.`updated_at` = '2023-07-04 06:53:59' where `id` = 2","executionTime":0.93,"timestamp":1688453639}  
[2023-07-04 06:54:06] local.INFO: {"type":"QueryLog","url":"http:\/\/localhost:8000\/pay-emi","hostname":"rahul1140-tech","query":"select * from `oauth_access_tokens` where `id` = 'f588acc951524c4147bba5df87de4905fe00ef0ede917fddbd6c50470c1140588ddae58b65f0f173' limit 1","executionTime":1.01,"timestamp":1688453646}  
[2023-07-04 06:54:06] local.INFO: {"type":"QueryLog","url":"http:\/\/localhost:8000\/pay-emi","hostname":"rahul1140-tech","query":"select * from `oauth_access_tokens` where `id` = 'f588acc951524c4147bba5df87de4905fe00ef0ede917fddbd6c50470c1140588ddae58b65f0f173' limit 1","executionTime":0.25,"timestamp":1688453646}  
[2023-07-04 06:54:06] local.INFO: {"type":"QueryLog","url":"http:\/\/localhost:8000\/pay-emi","hostname":"rahul1140-tech","query":"select * from `oauth_clients` where `id` = 3 limit 1","executionTime":0.3,"timestamp":1688453646}  
[2023-07-04 06:54:06] local.INFO: {"type":"QueryLog","url":"http:\/\/localhost:8000\/pay-emi","hostname":"rahul1140-tech","query":"select * from `users` where `id` = 4 limit 1","executionTime":0.13,"timestamp":1688453646}  
[2023-07-04 06:54:06] local.INFO: {"type":"QueryLog","url":"http:\/\/localhost:8000\/pay-emi","hostname":"rahul1140-tech","query":"select * from `oauth_access_tokens` where `id` = 'f588acc951524c4147bba5df87de4905fe00ef0ede917fddbd6c50470c1140588ddae58b65f0f173' limit 1","executionTime":0.09,"timestamp":1688453646}  
[2023-07-04 06:54:06] local.INFO: {"type":"QueryLog","url":"http:\/\/localhost:8000\/pay-emi","hostname":"rahul1140-tech","query":"select * from `oauth_clients` where `id` = 3 limit 1","executionTime":0.08,"timestamp":1688453646}  
[2023-07-04 06:54:06] local.INFO: {"type":"QueryLog","url":"http:\/\/localhost:8000\/pay-emi","hostname":"rahul1140-tech","query":"select * from `emis` where `status` = 'pending' and `loan_id` = 2 and `term_id` = 2 limit 1","executionTime":0.14,"timestamp":1688453646}  
[2023-07-04 06:54:06] local.INFO: {"type":"QueryLog","url":"http:\/\/localhost:8000\/pay-emi","hostname":"rahul1140-tech","query":"update `emis` set `status` = 'completed', `emis`.`updated_at` = '2023-07-04 06:54:06' where `id` = 2","executionTime":6.88,"timestamp":1688453646}  
[2023-07-04 06:54:06] local.INFO: {"type":"QueryLog","url":"http:\/\/localhost:8000\/pay-emi","hostname":"rahul1140-tech","query":"select * from `loans` where `id` = 2 limit 1","executionTime":0.31,"timestamp":1688453646}  
[2023-07-04 06:54:06] local.INFO: {"type":"QueryLog","url":"http:\/\/localhost:8000\/pay-emi","hostname":"rahul1140-tech","query":"update `loans` set `pending_emi` = 2, `loans`.`updated_at` = '2023-07-04 06:54:06' where `id` = 2","executionTime":0.79,"timestamp":1688453646}  
[2023-07-04 06:54:11] local.INFO: {"type":"QueryLog","url":"http:\/\/localhost:8000\/pay-emi","hostname":"rahul1140-tech","query":"select * from `oauth_access_tokens` where `id` = 'f588acc951524c4147bba5df87de4905fe00ef0ede917fddbd6c50470c1140588ddae58b65f0f173' limit 1","executionTime":0.73,"timestamp":1688453651}  
[2023-07-04 06:54:11] local.INFO: {"type":"QueryLog","url":"http:\/\/localhost:8000\/pay-emi","hostname":"rahul1140-tech","query":"select * from `oauth_access_tokens` where `id` = 'f588acc951524c4147bba5df87de4905fe00ef0ede917fddbd6c50470c1140588ddae58b65f0f173' limit 1","executionTime":0.11,"timestamp":1688453651}  
[2023-07-04 06:54:11] local.INFO: {"type":"QueryLog","url":"http:\/\/localhost:8000\/pay-emi","hostname":"rahul1140-tech","query":"select * from `oauth_clients` where `id` = 3 limit 1","executionTime":0.1,"timestamp":1688453651}  
[2023-07-04 06:54:11] local.INFO: {"type":"QueryLog","url":"http:\/\/localhost:8000\/pay-emi","hostname":"rahul1140-tech","query":"select * from `users` where `id` = 4 limit 1","executionTime":0.09,"timestamp":1688453651}  
[2023-07-04 06:54:11] local.INFO: {"type":"QueryLog","url":"http:\/\/localhost:8000\/pay-emi","hostname":"rahul1140-tech","query":"select * from `oauth_access_tokens` where `id` = 'f588acc951524c4147bba5df87de4905fe00ef0ede917fddbd6c50470c1140588ddae58b65f0f173' limit 1","executionTime":0.07,"timestamp":1688453651}  
[2023-07-04 06:54:11] local.INFO: {"type":"QueryLog","url":"http:\/\/localhost:8000\/pay-emi","hostname":"rahul1140-tech","query":"select * from `oauth_clients` where `id` = 3 limit 1","executionTime":0.08,"timestamp":1688453651}  
[2023-07-04 06:54:11] local.INFO: {"type":"QueryLog","url":"http:\/\/localhost:8000\/pay-emi","hostname":"rahul1140-tech","query":"select * from `emis` where `status` = 'pending' and `loan_id` = 2 and `term_id` = 2 limit 1","executionTime":0.14,"timestamp":1688453651}  
[2023-07-04 06:54:17] local.INFO: {"type":"QueryLog","url":"http:\/\/localhost:8000\/pay-emi","hostname":"rahul1140-tech","query":"select * from `oauth_access_tokens` where `id` = 'f588acc951524c4147bba5df87de4905fe00ef0ede917fddbd6c50470c1140588ddae58b65f0f173' limit 1","executionTime":6.9,"timestamp":1688453657}  
[2023-07-04 06:54:17] local.INFO: {"type":"QueryLog","url":"http:\/\/localhost:8000\/pay-emi","hostname":"rahul1140-tech","query":"select * from `oauth_access_tokens` where `id` = 'f588acc951524c4147bba5df87de4905fe00ef0ede917fddbd6c50470c1140588ddae58b65f0f173' limit 1","executionTime":0.11,"timestamp":1688453657}  
[2023-07-04 06:54:17] local.INFO: {"type":"QueryLog","url":"http:\/\/localhost:8000\/pay-emi","hostname":"rahul1140-tech","query":"select * from `oauth_clients` where `id` = 3 limit 1","executionTime":0.12,"timestamp":1688453657}  
[2023-07-04 06:54:17] local.INFO: {"type":"QueryLog","url":"http:\/\/localhost:8000\/pay-emi","hostname":"rahul1140-tech","query":"select * from `users` where `id` = 4 limit 1","executionTime":0.81,"timestamp":1688453657}  
[2023-07-04 06:54:17] local.INFO: {"type":"QueryLog","url":"http:\/\/localhost:8000\/pay-emi","hostname":"rahul1140-tech","query":"select * from `oauth_access_tokens` where `id` = 'f588acc951524c4147bba5df87de4905fe00ef0ede917fddbd6c50470c1140588ddae58b65f0f173' limit 1","executionTime":0.16,"timestamp":1688453657}  
[2023-07-04 06:54:17] local.INFO: {"type":"QueryLog","url":"http:\/\/localhost:8000\/pay-emi","hostname":"rahul1140-tech","query":"select * from `oauth_clients` where `id` = 3 limit 1","executionTime":0.1,"timestamp":1688453657}  
[2023-07-04 06:54:17] local.INFO: {"type":"QueryLog","url":"http:\/\/localhost:8000\/pay-emi","hostname":"rahul1140-tech","query":"select * from `emis` where `status` = 'pending' and `loan_id` = 2 and `term_id` = 3 limit 1","executionTime":0.15,"timestamp":1688453657}  
[2023-07-04 06:54:17] local.INFO: {"type":"QueryLog","url":"http:\/\/localhost:8000\/pay-emi","hostname":"rahul1140-tech","query":"update `emis` set `status` = 'completed', `emis`.`updated_at` = '2023-07-04 06:54:17' where `id` = 3","executionTime":0.79,"timestamp":1688453657}  
[2023-07-04 06:54:17] local.INFO: {"type":"QueryLog","url":"http:\/\/localhost:8000\/pay-emi","hostname":"rahul1140-tech","query":"select * from `loans` where `id` = 2 limit 1","executionTime":0.18,"timestamp":1688453657}  
[2023-07-04 06:54:17] local.INFO: {"type":"QueryLog","url":"http:\/\/localhost:8000\/pay-emi","hostname":"rahul1140-tech","query":"update `loans` set `pending_emi` = 1, `loans`.`updated_at` = '2023-07-04 06:54:17' where `id` = 2","executionTime":0.92,"timestamp":1688453657}  
[2023-07-04 06:55:26] local.INFO: {"type":"QueryLog","url":"http:\/\/localhost:8000\/pay-emi","hostname":"rahul1140-tech","query":"select * from `oauth_access_tokens` where `id` = 'f588acc951524c4147bba5df87de4905fe00ef0ede917fddbd6c50470c1140588ddae58b65f0f173' limit 1","executionTime":0.46,"timestamp":1688453726}  
[2023-07-04 06:55:26] local.INFO: {"type":"QueryLog","url":"http:\/\/localhost:8000\/pay-emi","hostname":"rahul1140-tech","query":"select * from `oauth_access_tokens` where `id` = 'f588acc951524c4147bba5df87de4905fe00ef0ede917fddbd6c50470c1140588ddae58b65f0f173' limit 1","executionTime":0.1,"timestamp":1688453726}  
[2023-07-04 06:55:26] local.INFO: {"type":"QueryLog","url":"http:\/\/localhost:8000\/pay-emi","hostname":"rahul1140-tech","query":"select * from `oauth_clients` where `id` = 3 limit 1","executionTime":0.08,"timestamp":1688453726}  
[2023-07-04 06:55:26] local.INFO: {"type":"QueryLog","url":"http:\/\/localhost:8000\/pay-emi","hostname":"rahul1140-tech","query":"select * from `users` where `id` = 4 limit 1","executionTime":0.09,"timestamp":1688453726}  
[2023-07-04 06:55:26] local.INFO: {"type":"QueryLog","url":"http:\/\/localhost:8000\/pay-emi","hostname":"rahul1140-tech","query":"select * from `oauth_access_tokens` where `id` = 'f588acc951524c4147bba5df87de4905fe00ef0ede917fddbd6c50470c1140588ddae58b65f0f173' limit 1","executionTime":0.07,"timestamp":1688453726}  
[2023-07-04 06:55:26] local.INFO: {"type":"QueryLog","url":"http:\/\/localhost:8000\/pay-emi","hostname":"rahul1140-tech","query":"select * from `oauth_clients` where `id` = 3 limit 1","executionTime":0.06,"timestamp":1688453726}  
[2023-07-04 06:55:26] local.INFO: {"type":"QueryLog","url":"http:\/\/localhost:8000\/pay-emi","hostname":"rahul1140-tech","query":"select * from `emis` where `status` = 'pending' and `loan_id` = 2 and `term_id` = 4 limit 1","executionTime":0.11,"timestamp":1688453726}  
[2023-07-04 06:55:26] local.INFO: {"type":"QueryLog","url":"http:\/\/localhost:8000\/pay-emi","hostname":"rahul1140-tech","query":"update `emis` set `status` = 'completed', `emis`.`updated_at` = '2023-07-04 06:55:26' where `id` = 4","executionTime":6.82,"timestamp":1688453726}  
[2023-07-04 06:55:26] local.INFO: {"type":"QueryLog","url":"http:\/\/localhost:8000\/pay-emi","hostname":"rahul1140-tech","query":"select * from `loans` where `id` = 2 limit 1","executionTime":0.3,"timestamp":1688453726}  
[2023-07-04 06:55:26] local.INFO: {"type":"QueryLog","url":"http:\/\/localhost:8000\/pay-emi","hostname":"rahul1140-tech","query":"update `loans` set `pending_emi` = 0, `status` = 'completed', `loans`.`updated_at` = '2023-07-04 06:55:26' where `id` = 2","executionTime":0.69,"timestamp":1688453726}  
[2023-07-04 06:56:05] local.INFO: {"type":"QueryLog","url":"http:\/\/localhost:8000\/pay-emi","hostname":"rahul1140-tech","query":"select * from `oauth_access_tokens` where `id` = 'f588acc951524c4147bba5df87de4905fe00ef0ede917fddbd6c50470c1140588ddae58b65f0f173' limit 1","executionTime":0.52,"timestamp":1688453765}  
[2023-07-04 06:56:05] local.INFO: {"type":"QueryLog","url":"http:\/\/localhost:8000\/pay-emi","hostname":"rahul1140-tech","query":"select * from `oauth_access_tokens` where `id` = 'f588acc951524c4147bba5df87de4905fe00ef0ede917fddbd6c50470c1140588ddae58b65f0f173' limit 1","executionTime":0.08,"timestamp":1688453765}  
[2023-07-04 06:56:05] local.INFO: {"type":"QueryLog","url":"http:\/\/localhost:8000\/pay-emi","hostname":"rahul1140-tech","query":"select * from `oauth_clients` where `id` = 3 limit 1","executionTime":0.08,"timestamp":1688453765}  
[2023-07-04 06:56:05] local.INFO: {"type":"QueryLog","url":"http:\/\/localhost:8000\/pay-emi","hostname":"rahul1140-tech","query":"select * from `users` where `id` = 4 limit 1","executionTime":0.09,"timestamp":1688453765}  
[2023-07-04 06:56:05] local.INFO: {"type":"QueryLog","url":"http:\/\/localhost:8000\/pay-emi","hostname":"rahul1140-tech","query":"select * from `oauth_access_tokens` where `id` = 'f588acc951524c4147bba5df87de4905fe00ef0ede917fddbd6c50470c1140588ddae58b65f0f173' limit 1","executionTime":0.07,"timestamp":1688453765}  
[2023-07-04 06:56:05] local.INFO: {"type":"QueryLog","url":"http:\/\/localhost:8000\/pay-emi","hostname":"rahul1140-tech","query":"select * from `oauth_clients` where `id` = 3 limit 1","executionTime":0.06,"timestamp":1688453765}  
[2023-07-04 06:56:05] local.INFO: {"type":"QueryLog","url":"http:\/\/localhost:8000\/pay-emi","hostname":"rahul1140-tech","query":"select * from `emis` where `status` = 'pending' and `loan_id` = 2 and `term_id` = 4 limit 1","executionTime":0.09,"timestamp":1688453765}  
